INFO  time: initialize in 0.59s
INFO  running 'C:\Program Files\Java\jdk1.8.0_171\jre\bin\java -Djline.terminal=jline.UnsupportedTerminal -Dsbt.log.noformat=true -Dfile.encoding=UTF-8 -jar C:\Users\Ivan\AppData\Local\Temp\metals6492185731303815193\sbt-launch.jar metalsEnable bloopInstall'
INFO  [info] Loading settings for project global-plugins from metals.sbt ...
INFO  [info] Loading global plugins from C:\Users\Ivan\.sbt\1.0\plugins
ERROR Waiting for lock on C:\Users\Ivan\.ivy2\.sbt.ivy.lock to be available...
INFO  [info] Loading settings for project playframeworktutorial-build from plugins.sbt ...
INFO  [info] Loading project definition from C:\Users\Ivan\Repos\playframeworktutorial\project
INFO  [info] Updating ProjectRef(uri("file:/C:/Users/Ivan/Repos/playframeworktutorial/project/"), "playframeworktutorial-build")...
ERROR Waiting for lock on C:\Users\Ivan\.ivy2\.sbt.ivy.lock to be available...
INFO  [info] downloading https://repo1.maven.org/maven2/com/typesafe/play/sbt-routes-compiler_2.12/2.7.3/sbt-routes-compiler_2.12-2.7.3.jar ...
INFO  [info] downloading https://repo1.maven.org/maven2/com/typesafe/play/run-support_2.12/2.7.3/run-support_2.12-2.7.3.jar ...
INFO  [info] downloading https://repo1.maven.org/maven2/com/typesafe/config/1.3.4/config-1.3.4.jar ...
INFO  [info] downloading https://repo1.maven.org/maven2/org/slf4j/slf4j-simple/1.7.26/slf4j-simple-1.7.26.jar ...
INFO  [info] downloading https://repo.scala-sbt.org/scalasbt/sbt-plugin-releases/com.typesafe.play/sbt-plugin/scala_2.12/sbt_1.0/2.7.3/jars/sbt-plugin.jar ...
INFO  [info] downloading https://repo.scala-sbt.org/scalasbt/sbt-plugin-releases/org.foundweekends.giter8/sbt-giter8-scaffold/scala_2.12/sbt_1.0/0.11.0/jars/sbt-giter8-scaffold.jar ...
INFO  [info] 	[SUCCESSFUL ] com.typesafe.play#run-support_2.12;2.7.3!run-support_2.12.jar (1939ms)
INFO  [info] downloading https://repo1.maven.org/maven2/com/lightbend/play/play-file-watch_2.12/1.1.8/play-file-watch_2.12-1.1.8.jar ...
INFO  [info] 	[SUCCESSFUL ] org.slf4j#slf4j-simple;1.7.26!slf4j-simple.jar (2264ms)
INFO  [info] 	[SUCCESSFUL ] com.lightbend.play#play-file-watch_2.12;1.1.8!play-file-watch_2.12.jar (687ms)
INFO  [info] 	[SUCCESSFUL ] com.typesafe#config;1.3.4!config.jar(bundle) (2723ms)
INFO  [info] downloading https://repo.scala-sbt.org/scalasbt/sbt-plugin-releases/com.typesafe.sbt/sbt-native-packager/scala_2.12/sbt_1.0/1.3.20/jars/sbt-native-packager.jar ...
INFO  [info] downloading https://repo.scala-sbt.org/scalasbt/sbt-plugin-releases/com.typesafe.sbt/sbt-twirl/scala_2.12/sbt_1.0/1.4.2/jars/sbt-twirl.jar ...
INFO  [info] downloading https://repo.scala-sbt.org/scalasbt/sbt-plugin-releases/com.lightbend.sbt/sbt-javaagent/scala_2.12/sbt_1.0/0.1.4/jars/sbt-javaagent.jar ...
INFO  [info] 	[SUCCESSFUL ] org.foundweekends.giter8#sbt-giter8-scaffold;0.11.0!sbt-giter8-scaffold.jar (3771ms)
INFO  [info] 	[SUCCESSFUL ] com.typesafe.play#sbt-routes-compiler_2.12;2.7.3!sbt-routes-compiler_2.12.jar (3753ms)
INFO  [info] downloading https://repo.scala-sbt.org/scalasbt/sbt-plugin-releases/com.typesafe.sbt/sbt-web/scala_2.12/sbt_1.0/1.4.4/jars/sbt-web.jar ...
INFO  [info] downloading https://repo.scala-sbt.org/scalasbt/sbt-plugin-releases/com.typesafe.sbt/sbt-js-engine/scala_2.12/sbt_1.0/1.2.3/jars/sbt-js-engine.jar ...
INFO  [info] 	[SUCCESSFUL ] com.lightbend.sbt#sbt-javaagent;0.1.4!sbt-javaagent.jar (3027ms)
INFO  [info] downloading https://repo1.maven.org/maven2/io/methvin/directory-watcher/0.8.1/directory-watcher-0.8.1.jar ...
INFO  [info] 	[SUCCESSFUL ] com.typesafe.sbt#sbt-twirl;1.4.2!sbt-twirl.jar (4281ms)
INFO  [info] downloading https://repo1.maven.org/maven2/com/github/pathikrit/better-files_2.12/2.17.1/better-files_2.12-2.17.1.jar ...
INFO  [info] 	[SUCCESSFUL ] com.typesafe.sbt#sbt-js-engine;1.2.3!sbt-js-engine.jar (3840ms)
INFO  [info] downloading https://repo1.maven.org/maven2/net/java/dev/jna/jna/5.0.0/jna-5.0.0.jar ...
INFO  [info] 	[SUCCESSFUL ] io.methvin#directory-watcher;0.8.1!directory-watcher.jar (1840ms)
INFO  [info] downloading https://repo1.maven.org/maven2/com/typesafe/play/twirl-compiler_2.12/1.4.2/twirl-compiler_2.12-1.4.2.jar ...
INFO  [info] 	[SUCCESSFUL ] com.github.pathikrit#better-files_2.12;2.17.1!better-files_2.12.jar (1425ms)
INFO  [info] downloading https://repo1.maven.org/maven2/com/typesafe/play/twirl-parser_2.12/1.4.2/twirl-parser_2.12-1.4.2.jar ...
INFO  [info] 	[SUCCESSFUL ] com.typesafe.sbt#sbt-web;1.4.4!sbt-web.jar (4366ms)
INFO  [info] downloading https://repo1.maven.org/maven2/org/apache/commons/commons-compress/1.18/commons-compress-1.18.jar ...
INFO  [info] 	[SUCCESSFUL ] com.typesafe.play#twirl-parser_2.12;1.4.2!twirl-parser_2.12.jar (1400ms)
INFO  [info] downloading https://repo1.maven.org/maven2/org/apache/ant/ant/1.10.5/ant-1.10.5.jar ...
INFO  [info] 	[SUCCESSFUL ] com.typesafe.play#twirl-compiler_2.12;1.4.2!twirl-compiler_2.12.jar (2150ms)
INFO  [info] downloading https://repo1.maven.org/maven2/org/apache/ant/ant-launcher/1.10.5/ant-launcher-1.10.5.jar ...
INFO  [info] 	[SUCCESSFUL ] org.apache.ant#ant-launcher;1.10.5!ant-launcher.jar (691ms)
INFO  [info] downloading https://repo1.maven.org/maven2/org/webjars/webjars-locator-core/0.36/webjars-locator-core-0.36.jar ...
INFO  [info] 	[SUCCESSFUL ] net.java.dev.jna#jna;5.0.0!jna.jar (3050ms)
INFO  [info] downloading https://repo1.maven.org/maven2/org/scala-lang/modules/scala-java8-compat_2.12/0.8.0/scala-java8-compat_2.12-0.8.0.jar ...
INFO  [info] 	[SUCCESSFUL ] org.apache.commons#commons-compress;1.18!commons-compress.jar (2650ms)
INFO  [info] downloading https://repo1.maven.org/maven2/org/apache/commons/commons-lang3/3.8.1/commons-lang3-3.8.1.jar ...
INFO  [info] 	[SUCCESSFUL ] org.webjars#webjars-locator-core;0.36!webjars-locator-core.jar (1064ms)
INFO  [info] downloading https://repo1.maven.org/maven2/com/fasterxml/jackson/core/jackson-core/2.9.7/jackson-core-2.9.7.jar ...
INFO  [info] 	[SUCCESSFUL ] org.apache.commons#commons-lang3;3.8.1!commons-lang3.jar (2464ms)
INFO  [info] downloading https://repo1.maven.org/maven2/com/typesafe/jse_2.12/1.2.4/jse_2.12-1.2.4.jar ...
INFO  [info] 	[SUCCESSFUL ] com.fasterxml.jackson.core#jackson-core;2.9.7!jackson-core.jar(bundle) (1908ms)
INFO  [info] downloading https://repo1.maven.org/maven2/com/typesafe/npm_2.12/1.2.1/npm_2.12-1.2.1.jar ...
INFO  [info] 	[SUCCESSFUL ] org.scala-lang.modules#scala-java8-compat_2.12;0.8.0!scala-java8-compat_2.12.jar(bundle) (3356ms)
INFO  [info] downloading https://repo1.maven.org/maven2/com/typesafe/akka/akka-actor_2.12/2.5.18/akka-actor_2.12-2.5.18.jar ...
INFO  [info] 	[SUCCESSFUL ] com.typesafe#jse_2.12;1.2.4!jse_2.12.jar (1106ms)
INFO  [info] 	[SUCCESSFUL ] com.typesafe#npm_2.12;1.2.1!npm_2.12.jar (857ms)
INFO  [info] downloading https://repo1.maven.org/maven2/io/apigee/trireme/trireme-core/0.9.4/trireme-core-0.9.4.jar ...
INFO  [info] downloading https://repo1.maven.org/maven2/io/apigee/trireme/trireme-node10src/0.9.4/trireme-node10src-0.9.4.jar ...
INFO  [info] 	[SUCCESSFUL ] com.typesafe.sbt#sbt-native-packager;1.3.20!sbt-native-packager.jar (12129ms)
INFO  [info] downloading https://repo1.maven.org/maven2/io/spray/spray-json_2.12/1.3.5/spray-json_2.12-1.3.5.jar ...
INFO  [info] 	[SUCCESSFUL ] io.apigee.trireme#trireme-core;0.9.4!trireme-core.jar (2549ms)
INFO  [info] downloading https://repo1.maven.org/maven2/io/apigee/trireme/trireme-kernel/0.9.4/trireme-kernel-0.9.4.jar ...
INFO  [info] 	[SUCCESSFUL ] org.apache.ant#ant;1.10.5!ant.jar (7901ms)
INFO  [info] downloading https://repo1.maven.org/maven2/org/mozilla/rhino/1.7.10/rhino-1.7.10.jar ...
INFO  [info] 	[SUCCESSFUL ] io.spray#spray-json_2.12;1.3.5!spray-json_2.12.jar (2780ms)
INFO  [info] downloading https://repo1.maven.org/maven2/org/webjars/npm/4.2.0/npm-4.2.0.jar ...
INFO  [info] 	[SUCCESSFUL ] com.typesafe.play#sbt-plugin;2.7.3!sbt-plugin.jar (19462ms)
INFO  [info] 	[SUCCESSFUL ] io.apigee.trireme#trireme-node10src;0.9.4!trireme-node10src.jar (5312ms)
INFO  [info] 	[SUCCESSFUL ] io.apigee.trireme#trireme-kernel;0.9.4!trireme-kernel.jar (3234ms)
INFO  [info] 	[SUCCESSFUL ] org.mozilla#rhino;1.7.10!rhino.jar (5451ms)
INFO  [info] 	[SUCCESSFUL ] com.typesafe.akka#akka-actor_2.12;2.5.18!akka-actor_2.12.jar (18275ms)
WARN  no build target: c:\Users\Ivan\Repos\playframeworktutorial\app\controllers\HomeController.scala
INFO  no build target: using presentation compiler with only scala-library
INFO  [info] 	[SUCCESSFUL ] org.webjars#npm;4.2.0!npm.jar (22614ms)
INFO  [info] Done updating.
INFO  [warn] There may be incompatibilities among your library dependencies; run 'evicted' to see detailed eviction warnings.
INFO  [success] Generated .bloop\playframeworktutorial-build.json
INFO  [success] Total time: 220 s, completed Jul 13, 2019 8:59:45 PM
INFO  [info] Loading settings for project root from build.sbt ...
INFO  [info] Set current project to PlayFrameworkTutorial (in build file:/C:/Users/Ivan/Repos/playframeworktutorial/)
INFO  [error] Not a valid command: metalsEnable
INFO  [error] Not a valid project ID: metalsEnable
INFO  [error] Expected ':'
INFO  [error] Not a valid key: metalsEnable
INFO  [error] metalsEnable
INFO  [error]             ^
INFO  build tool exit: 1
INFO  time: ran 'sbt bloopInstall' in 6m52s
ERROR sbt command failed: C:\Program Files\Java\jdk1.8.0_171\jre\bin\java -Djline.terminal=jline.UnsupportedTerminal -Dsbt.log.noformat=true -Dfile.encoding=UTF-8 -jar C:\Users\Ivan\AppData\Local\Temp\metals6492185731303815193\sbt-launch.jar metalsEnable bloopInstall
Jul 13, 2019 9:23:24 PM org.eclipse.lsp4j.jsonrpc.services.GenericEndpoint notify
INFO: Unsupported notification method: $/setTraceNotification
INFO  shutting down Metals
INFO  time: initialize in 0.91s
INFO  skipping build import with status 'Failed'
WARN  no build target: c:\Users\Ivan\Repos\playframeworktutorial\app\controllers\HomeController.scala
INFO  no build target: using presentation compiler with only scala-library
INFO  shutting down Metals
INFO  time: initialize in 0.78s
INFO  skipping build import with status 'Failed'
WARN  no build target: c:\Users\Ivan\Repos\playframeworktutorial\app\controllers\HomeController.scala
INFO  no build target: using presentation compiler with only scala-library
WARN  code navigation does not work for the file 'c:\Users\Ivan\Repos\playframeworktutorial\app\controllers\HomeController.scala' because it doesn't belong to a build target.
WARN  code navigation does not work for the file 'c:\Users\Ivan\Repos\playframeworktutorial\app\controllers\HomeController.scala' because it doesn't belong to a build target.
WARN  code navigation does not work for the file 'c:\Users\Ivan\Repos\playframeworktutorial\app\controllers\HomeController.scala' because it doesn't belong to a build target.
WARN  code navigation does not work for the file 'c:\Users\Ivan\Repos\playframeworktutorial\app\controllers\HomeController.scala' because it doesn't belong to a build target.
WARN  no build target: c:\Users\Ivan\Repos\playframeworktutorial\app\controllers\HomeController.scala
WARN  no build target: c:\Users\Ivan\Repos\playframeworktutorial\app\controllers\HomeController.scala
WARN  code navigation does not work for the file 'c:\Users\Ivan\Repos\playframeworktutorial\app\controllers\HomeController.scala' because it doesn't belong to a build target.
WARN  no build target: c:\Users\Ivan\Repos\playframeworktutorial\app\Services\SocketService.scala
WARN  no build target: c:\Users\Ivan\Repos\playframeworktutorial\app\Services\SocketService.scala
WARN  code navigation does not work for the file 'c:\Users\Ivan\Repos\playframeworktutorial\app\Services\SocketService.scala' because it doesn't belong to a build target.
WARN  code navigation does not work for the file 'c:\Users\Ivan\Repos\playframeworktutorial\app\Services\SocketService.scala' because it doesn't belong to a build target.
Jul 13, 2019 11:21:41 PM scala.meta.internal.pc.CompilerAccess handleError
SEVERE: null
java.lang.NullPointerException
	at scala.meta.internal.pc.HoverProvider.seenFromType(HoverProvider.scala:106)
	at scala.meta.internal.pc.HoverProvider.$anonfun$hover$4(HoverProvider.scala:51)
	at scala.Option.map(Option.scala:163)
	at scala.meta.internal.pc.HoverProvider.$anonfun$hover$3(HoverProvider.scala:50)
	at scala.Option.flatMap(Option.scala:188)
	at scala.meta.internal.pc.HoverProvider.hover(HoverProvider.scala:49)

WARN  no build target: c:\Users\Ivan\Repos\playframeworktutorial\app\Services\SocketService.scala
WARN  code navigation does not work for the file 'c:\Users\Ivan\Repos\playframeworktutorial\app\controllers\HomeController.scala' because it doesn't belong to a build target.
WARN  no build target: c:\Users\Ivan\Repos\playframeworktutorial\app\Services\SocketService.scala
WARN  code navigation does not work for the file 'c:\Users\Ivan\Repos\playframeworktutorial\app\controllers\HomeController.scala' because it doesn't belong to a build target.
WARN  no build target: c:\Users\Ivan\Repos\playframeworktutorial\app\controllers\HomeController.scala
WARN  no build target: c:\Users\Ivan\Repos\playframeworktutorial\app\controllers\HomeController.scala
WARN  no build target: c:\Users\Ivan\Repos\playframeworktutorial\app\Services\SocketService.scala
WARN  no build target: c:\Users\Ivan\Repos\playframeworktutorial\app\controllers\SocketService.scala
WARN  no build target: c:\Users\Ivan\Repos\playframeworktutorial\app\controllers\SocketService.scala
WARN  code navigation does not work for the file 'c:\Users\Ivan\Repos\playframeworktutorial\app\controllers\HomeController.scala' because it doesn't belong to a build target.
WARN  code navigation does not work for the file 'c:\Users\Ivan\Repos\playframeworktutorial\app\controllers\HomeController.scala' because it doesn't belong to a build target.
WARN  code navigation does not work for the file 'c:\Users\Ivan\Repos\playframeworktutorial\app\controllers\SocketService.scala' because it doesn't belong to a build target.
WARN  code navigation does not work for the file 'c:\Users\Ivan\Repos\playframeworktutorial\app\controllers\HomeController.scala' because it doesn't belong to a build target.
WARN  no build target: c:\Users\Ivan\Repos\playframeworktutorial\app\controllers\HomeController.scala
WARN  no build target: c:\Users\Ivan\Repos\playframeworktutorial\app\controllers\HomeController.scala
WARN  no build target: c:\Users\Ivan\Repos\playframeworktutorial\app\controllers\HomeController.scala
WARN  no build target: c:\Users\Ivan\Repos\playframeworktutorial\project\plugins.sbt
WARN  no build target: c:\Users\Ivan\Repos\playframeworktutorial\build.sbt
INFO  shutting down Metals
INFO  time: initialize in 0.61s
INFO  skipping build import with status 'Failed'
WARN  no build target: c:\Users\Ivan\Repos\playframeworktutorial\build.sbt
INFO  shutting down Metals
